Start testing: Oct 05 17:18 CEST
----------------------------------------------------------
1/8 Testing: fileCache_test
1/8 Test: fileCache_test
Command: "/home/lichon/IdeaProjects/veilcluster/veilhelpers/release/fileCache_test"
Directory: /home/lichon/IdeaProjects/veilcluster/veilhelpers/release
"fileCache_test" start time: Oct 05 17:18 CEST
Output:
----------------------------------------------------------
[==========] Running 4 tests from 1 test case.
[----------] Global test environment set-up.
[----------] 4 tests from FileCacheTest
[ RUN      ] FileCacheTest.OneBlockTest
[       OK ] FileCacheTest.OneBlockTest (0 ms)
[ RUN      ] FileCacheTest.MultiBlockNoOverlappingTest
[       OK ] FileCacheTest.MultiBlockNoOverlappingTest (0 ms)
[ RUN      ] FileCacheTest.MultiBlockOverlappingTest
[       OK ] FileCacheTest.MultiBlockOverlappingTest (0 ms)
[ RUN      ] FileCacheTest.OldestBlockSelectionTest
[       OK ] FileCacheTest.OldestBlockSelectionTest (0 ms)
[----------] 4 tests from FileCacheTest (0 ms total)

[----------] Global test environment tear-down
[==========] 4 tests from 1 test case ran. (0 ms total)
[  PASSED  ] 4 tests.
<end of output>
Test time =   0.01 sec
----------------------------------------------------------
Test Passed.
"fileCache_test" end time: Oct 05 17:18 CEST
"fileCache_test" time elapsed: 00:00:00
----------------------------------------------------------

2/8 Testing: communicator_test
2/8 Test: communicator_test
Command: "/home/lichon/IdeaProjects/veilcluster/veilhelpers/release/communicator_test"
Directory: /home/lichon/IdeaProjects/veilcluster/veilhelpers/release
"communicator_test" start time: Oct 05 17:18 CEST
Output:
----------------------------------------------------------
[==========] Running 16 tests from 1 test case.
[----------] Global test environment set-up.
[----------] 16 tests from CommunicatorTest
[ RUN      ] CommunicatorTest.shouldAddHandshakeAndGoodbyeOnSetupPushChannels
[       OK ] CommunicatorTest.shouldAddHandshakeAndGoodbyeOnSetupPushChannels (2 ms)
[ RUN      ] CommunicatorTest.shouldSubscribeForPushMessagesOnEnablePushChannel
[       OK ] CommunicatorTest.shouldSubscribeForPushMessagesOnEnablePushChannel (1 ms)
[ RUN      ] CommunicatorTest.shouldAddHandshakeOnSetupHandshakeACK
[       OK ] CommunicatorTest.shouldAddHandshakeOnSetupHandshakeACK (0 ms)
[ RUN      ] CommunicatorTest.shouldCallDataPoolOnSendingRemoteFileManagementMessages
[       OK ] CommunicatorTest.shouldCallDataPoolOnSendingRemoteFileManagementMessages (1 ms)
[ RUN      ] CommunicatorTest.shouldCallDataPoolOnSendingOtherMessages
[       OK ] CommunicatorTest.shouldCallDataPoolOnSendingOtherMessages (0 ms)
[ RUN      ] CommunicatorTest.shouldWrapAndPassMessagesOnSend
[       OK ] CommunicatorTest.shouldWrapAndPassMessagesOnSend (0 ms)
[ RUN      ] CommunicatorTest.shouldWrapAndPassMessagesOnCommunicate
[       OK ] CommunicatorTest.shouldWrapAndPassMessagesOnCommunicate (0 ms)
[ RUN      ] CommunicatorTest.shouldWrapAndPassMessagesOnCommunicateAsync
[       OK ] CommunicatorTest.shouldWrapAndPassMessagesOnCommunicateAsync (1 ms)
[ RUN      ] CommunicatorTest.shouldAskForAtomAnswerByDefault
[       OK ] CommunicatorTest.shouldAskForAtomAnswerByDefault (0 ms)
[ RUN      ] CommunicatorTest.shouldWaitForAnswerOnCommunicate
[       OK ] CommunicatorTest.shouldWaitForAnswerOnCommunicate (251 ms)
[ RUN      ] CommunicatorTest.shouldThrowOnCommunicateReceiveTimeout
[       OK ] CommunicatorTest.shouldThrowOnCommunicateReceiveTimeout (2 ms)
[ RUN      ] CommunicatorTest.shouldReturnAFullfilableFutureOnCommunicateAsync
[       OK ] CommunicatorTest.shouldReturnAFullfilableFutureOnCommunicateAsync (0 ms)
[ RUN      ] CommunicatorTest.shouldWrapAndPassMessagesOnReply
[       OK ] CommunicatorTest.shouldWrapAndPassMessagesOnReply (1 ms)
[ RUN      ] CommunicatorTest.shouldReplaceSubscriptionOnSetupPushChannel
[       OK ] CommunicatorTest.shouldReplaceSubscriptionOnSetupPushChannel (0 ms)
[ RUN      ] CommunicatorTest.shouldReplaceHandshakeOnSetupPushChannel
[       OK ] CommunicatorTest.shouldReplaceHandshakeOnSetupPushChannel (0 ms)
[ RUN      ] CommunicatorTest.shouldReplaceHandshakeOnSetupHandshakeAck
[       OK ] CommunicatorTest.shouldReplaceHandshakeOnSetupHandshakeAck (0 ms)
[----------] 16 tests from CommunicatorTest (259 ms total)

[----------] Global test environment tear-down
[==========] 16 tests from 1 test case ran. (259 ms total)
[  PASSED  ] 16 tests.
<end of output>
Test time =   0.29 sec
----------------------------------------------------------
Test Passed.
"communicator_test" end time: Oct 05 17:18 CEST
"communicator_test" time elapsed: 00:00:00
----------------------------------------------------------

3/8 Testing: communicationHandler_test
3/8 Test: communicationHandler_test
Command: "/home/lichon/IdeaProjects/veilcluster/veilhelpers/release/communicationHandler_test"
Directory: /home/lichon/IdeaProjects/veilcluster/veilhelpers/release
"communicationHandler_test" start time: Oct 05 17:18 CEST
Output:
----------------------------------------------------------
[==========] Running 16 tests from 1 test case.
[----------] Global test environment set-up.
[----------] 16 tests from CommunicationHandlerTest
[ RUN      ] CommunicationHandlerTest.shouldSetOnMessageCallbackOnPools
[       OK ] CommunicationHandlerTest.shouldSetOnMessageCallbackOnPools (1 ms)
[ RUN      ] CommunicationHandlerTest.shouldCallSendOnAppropriatePoolOnReply
[       OK ] CommunicationHandlerTest.shouldCallSendOnAppropriatePoolOnReply (0 ms)
[ RUN      ] CommunicationHandlerTest.shouldCallSendOnAppropriatePoolOnSend
[       OK ] CommunicationHandlerTest.shouldCallSendOnAppropriatePoolOnSend (0 ms)
[ RUN      ] CommunicationHandlerTest.shouldSetMessageIdOnSend
[       OK ] CommunicationHandlerTest.shouldSetMessageIdOnSend (1 ms)
[ RUN      ] CommunicationHandlerTest.shouldSetIncrementingMessageIds
[       OK ] CommunicationHandlerTest.shouldSetIncrementingMessageIds (0 ms)
[ RUN      ] CommunicationHandlerTest.shouldCallSendOnAppropriatePoolOnCommunicate
[       OK ] CommunicationHandlerTest.shouldCallSendOnAppropriatePoolOnCommunicate (0 ms)
[ RUN      ] CommunicationHandlerTest.shouldFulfilAPromiseOnResultMessage
[       OK ] CommunicationHandlerTest.shouldFulfilAPromiseOnResultMessage (0 ms)
[ RUN      ] CommunicationHandlerTest.shouldCallSubscribedCallbackOnPredicateFulfilment
[       OK ] CommunicationHandlerTest.shouldCallSubscribedCallbackOnPredicateFulfilment (5 ms)
[ RUN      ] CommunicationHandlerTest.shouldPassHandshakeAndGoodbyeToDataPool
[       OK ] CommunicationHandlerTest.shouldPassHandshakeAndGoodbyeToDataPool (1 ms)
[ RUN      ] CommunicationHandlerTest.shouldPassHandshakeAndGoodbyeToMetaPool
[       OK ] CommunicationHandlerTest.shouldPassHandshakeAndGoodbyeToMetaPool (0 ms)
[ RUN      ] CommunicationHandlerTest.shouldPassHandshakeToDataPool
[       OK ] CommunicationHandlerTest.shouldPassHandshakeToDataPool (0 ms)
[ RUN      ] CommunicationHandlerTest.shouldPassHandshakeToMetaPool
[       OK ] CommunicationHandlerTest.shouldPassHandshakeToMetaPool (0 ms)
[ RUN      ] CommunicationHandlerTest.shouldGenerateIdsForHandshakeAndGoodbyeMessages
[       OK ] CommunicationHandlerTest.shouldGenerateIdsForHandshakeAndGoodbyeMessages (0 ms)
[ RUN      ] CommunicationHandlerTest.shouldGenerateIdsForHandshakeMessages
[       OK ] CommunicationHandlerTest.shouldGenerateIdsForHandshakeMessages (0 ms)
[ RUN      ] CommunicationHandlerTest.shouldReturnHandshakeRemovalFunctionOnHandshakeAdd
[       OK ] CommunicationHandlerTest.shouldReturnHandshakeRemovalFunctionOnHandshakeAdd (0 ms)
[ RUN      ] CommunicationHandlerTest.shouldReplyWithProperMessageId
[       OK ] CommunicationHandlerTest.shouldReplyWithProperMessageId (1 ms)
[----------] 16 tests from CommunicationHandlerTest (9 ms total)

[----------] Global test environment tear-down
[==========] 16 tests from 1 test case ran. (9 ms total)
[  PASSED  ] 16 tests.
<end of output>
Test time =   0.02 sec
----------------------------------------------------------
Test Passed.
"communicationHandler_test" end time: Oct 05 17:18 CEST
"communicationHandler_test" time elapsed: 00:00:00
----------------------------------------------------------

4/8 Testing: connectionPool_test
4/8 Test: connectionPool_test
Command: "/home/lichon/IdeaProjects/veilcluster/veilhelpers/release/connectionPool_test"
Directory: /home/lichon/IdeaProjects/veilcluster/veilhelpers/release
"connectionPool_test" start time: Oct 05 17:18 CEST
Output:
----------------------------------------------------------
[==========] Running 18 tests from 1 test case.
[----------] Global test environment set-up.
[----------] 18 tests from ConnectionPoolTest
[ RUN      ] ConnectionPoolTest.shouldCreateExpectedNumberOfConnectionsOnAddConnections
[       OK ] ConnectionPoolTest.shouldCreateExpectedNumberOfConnectionsOnAddConnections (1 ms)
[ RUN      ] ConnectionPoolTest.shouldCloseAllConnectionsOnDestruction
[       OK ] ConnectionPoolTest.shouldCloseAllConnectionsOnDestruction (2 ms)
[ RUN      ] ConnectionPoolTest.shouldCallOnMessageCallbackOnReceivedMessage
[       OK ] ConnectionPoolTest.shouldCallOnMessageCallbackOnReceivedMessage (1 ms)
[ RUN      ] ConnectionPoolTest.shouldDoNothingOnReceiveWhenReceiveMessageIsUnset
[       OK ] ConnectionPoolTest.shouldDoNothingOnReceiveWhenReceiveMessageIsUnset (1 ms)
[ RUN      ] ConnectionPoolTest.shouldDropConnectionsOnError
[       OK ] ConnectionPoolTest.shouldDropConnectionsOnError (2 ms)
[ RUN      ] ConnectionPoolTest.shouldDropConnectionsOnOpenFailure
[       OK ] ConnectionPoolTest.shouldDropConnectionsOnOpenFailure (2 ms)
[ RUN      ] ConnectionPoolTest.shouldRecreateConnectionsOnSend
[       OK ] ConnectionPoolTest.shouldRecreateConnectionsOnSend (3 ms)
[ RUN      ] ConnectionPoolTest.shouldRecreateAllConnectionsOnSend
[       OK ] ConnectionPoolTest.shouldRecreateAllConnectionsOnSend (2 ms)
[ RUN      ] ConnectionPoolTest.shouldWaitOnSendUntilConnectionIsAvailable
[       OK ] ConnectionPoolTest.shouldWaitOnSendUntilConnectionIsAvailable (1 ms)
[ RUN      ] ConnectionPoolTest.shouldPassMessageToOneOfItsConnections
[       OK ] ConnectionPoolTest.shouldPassMessageToOneOfItsConnections (3 ms)
[ RUN      ] ConnectionPoolTest.shouldDistributeMessagesEvenlyAcrossConnections
[       OK ] ConnectionPoolTest.shouldDistributeMessagesEvenlyAcrossConnections (0 ms)
[ RUN      ] ConnectionPoolTest.shouldCallHandhakeOnAllOpenConnectionsOnHandshakeAddition
[       OK ] ConnectionPoolTest.shouldCallHandhakeOnAllOpenConnectionsOnHandshakeAddition (1 ms)
[ RUN      ] ConnectionPoolTest.shouldCallHandhakeOnConnectionOpen
[       OK ] ConnectionPoolTest.shouldCallHandhakeOnConnectionOpen (3 ms)
[ RUN      ] ConnectionPoolTest.shouldReturnAFunctionToDeregisterHandshake
[       OK ] ConnectionPoolTest.shouldReturnAFunctionToDeregisterHandshake (0 ms)
[ RUN      ] ConnectionPoolTest.shouldCallGoodbyeOnDeregisteringHandshake
[       OK ] ConnectionPoolTest.shouldCallGoodbyeOnDeregisteringHandshake (0 ms)
[ RUN      ] ConnectionPoolTest.shouldCallGoodbyeOnConnectionClose
[       OK ] ConnectionPoolTest.shouldCallGoodbyeOnConnectionClose (1 ms)
[ RUN      ] ConnectionPoolTest.shouldCallHandshakesInFIFOOrder
[       OK ] ConnectionPoolTest.shouldCallHandshakesInFIFOOrder (4 ms)
[ RUN      ] ConnectionPoolTest.shouldCallGoodbyesInLIFOOrder
[       OK ] ConnectionPoolTest.shouldCallGoodbyesInLIFOOrder (1 ms)
[----------] 18 tests from ConnectionPoolTest (28 ms total)

[----------] Global test environment tear-down
[==========] 18 tests from 1 test case ran. (28 ms total)
[  PASSED  ] 18 tests.
<end of output>
Test time =   0.04 sec
----------------------------------------------------------
Test Passed.
"connectionPool_test" end time: Oct 05 17:18 CEST
"connectionPool_test" time elapsed: 00:00:00
----------------------------------------------------------

5/8 Testing: connection_test
5/8 Test: connection_test
Command: "/home/lichon/IdeaProjects/veilcluster/veilhelpers/release/connection_test"
Directory: /home/lichon/IdeaProjects/veilcluster/veilhelpers/release
"connection_test" start time: Oct 05 17:18 CEST
Output:
----------------------------------------------------------
[==========] Running 3 tests from 1 test case.
[----------] Global test environment set-up.
[----------] 3 tests from ConnectionTest
[ RUN      ] ConnectionTest.shouldBindItselfToOnFailCallback
[       OK ] ConnectionTest.shouldBindItselfToOnFailCallback (0 ms)
[ RUN      ] ConnectionTest.shouldBindItselfToOnOpenCallback
[       OK ] ConnectionTest.shouldBindItselfToOnOpenCallback (0 ms)
[ RUN      ] ConnectionTest.shouldBindItselfToOnErrorCallback
[       OK ] ConnectionTest.shouldBindItselfToOnErrorCallback (0 ms)
[----------] 3 tests from ConnectionTest (0 ms total)

[----------] Global test environment tear-down
[==========] 3 tests from 1 test case ran. (0 ms total)
[  PASSED  ] 3 tests.
<end of output>
Test time =   0.01 sec
----------------------------------------------------------
Test Passed.
"connection_test" end time: Oct 05 17:18 CEST
"connection_test" time elapsed: 00:00:00
----------------------------------------------------------

6/8 Testing: clusterProxyHelper_test
6/8 Test: clusterProxyHelper_test
Command: "/home/lichon/IdeaProjects/veilcluster/veilhelpers/release/clusterProxyHelper_test"
Directory: /home/lichon/IdeaProjects/veilcluster/veilhelpers/release
"clusterProxyHelper_test" start time: Oct 05 17:18 CEST
Output:
----------------------------------------------------------
[==========] Running 20 tests from 1 test case.
[----------] Global test environment set-up.
[----------] 20 tests from ClusterProxyHelperTest
[ RUN      ] ClusterProxyHelperTest.open
[       OK ] ClusterProxyHelperTest.open (1 ms)
[ RUN      ] ClusterProxyHelperTest.read
[       OK ] ClusterProxyHelperTest.read (1 ms)
[ RUN      ] ClusterProxyHelperTest.write
[       OK ] ClusterProxyHelperTest.write (0 ms)
[ RUN      ] ClusterProxyHelperTest.statfs
[       OK ] ClusterProxyHelperTest.statfs (1 ms)
[ RUN      ] ClusterProxyHelperTest.release
[       OK ] ClusterProxyHelperTest.release (0 ms)
[ RUN      ] ClusterProxyHelperTest.fsync
[       OK ] ClusterProxyHelperTest.fsync (0 ms)
[ RUN      ] ClusterProxyHelperTest.getattr
[       OK ] ClusterProxyHelperTest.getattr (0 ms)
[ RUN      ] ClusterProxyHelperTest.access
[       OK ] ClusterProxyHelperTest.access (0 ms)
[ RUN      ] ClusterProxyHelperTest.readlink
[       OK ] ClusterProxyHelperTest.readlink (1 ms)
[ RUN      ] ClusterProxyHelperTest.readdir
[       OK ] ClusterProxyHelperTest.readdir (0 ms)
[ RUN      ] ClusterProxyHelperTest.mknod
[       OK ] ClusterProxyHelperTest.mknod (0 ms)
[ RUN      ] ClusterProxyHelperTest.mkdir
[       OK ] ClusterProxyHelperTest.mkdir (0 ms)
[ RUN      ] ClusterProxyHelperTest.unlink
[       OK ] ClusterProxyHelperTest.unlink (0 ms)
[ RUN      ] ClusterProxyHelperTest.rmdir
[       OK ] ClusterProxyHelperTest.rmdir (0 ms)
[ RUN      ] ClusterProxyHelperTest.symlink
[       OK ] ClusterProxyHelperTest.symlink (1 ms)
[ RUN      ] ClusterProxyHelperTest.rename
[       OK ] ClusterProxyHelperTest.rename (0 ms)
[ RUN      ] ClusterProxyHelperTest.link
[       OK ] ClusterProxyHelperTest.link (0 ms)
[ RUN      ] ClusterProxyHelperTest.chmod
[       OK ] ClusterProxyHelperTest.chmod (0 ms)
[ RUN      ] ClusterProxyHelperTest.chown
[       OK ] ClusterProxyHelperTest.chown (0 ms)
[ RUN      ] ClusterProxyHelperTest.truncate
[       OK ] ClusterProxyHelperTest.truncate (0 ms)
[----------] 20 tests from ClusterProxyHelperTest (5 ms total)

[----------] Global test environment tear-down
[==========] 20 tests from 1 test case ran. (5 ms total)
[  PASSED  ] 20 tests.
<end of output>
Test time =   0.03 sec
----------------------------------------------------------
Test Passed.
"clusterProxyHelper_test" end time: Oct 05 17:18 CEST
"clusterProxyHelper_test" time elapsed: 00:00:00
----------------------------------------------------------

7/8 Testing: storageHelperFactory_test
7/8 Test: storageHelperFactory_test
Command: "/home/lichon/IdeaProjects/veilcluster/veilhelpers/release/storageHelperFactory_test"
Directory: /home/lichon/IdeaProjects/veilcluster/veilhelpers/release
"storageHelperFactory_test" start time: Oct 05 17:18 CEST
Output:
----------------------------------------------------------
[==========] Running 1 test from 1 test case.
[----------] Global test environment set-up.
[----------] 1 test from StorageHelperFactoryTest
[ RUN      ] StorageHelperFactoryTest.ObjectBuild
[       OK ] StorageHelperFactoryTest.ObjectBuild (1 ms)
[----------] 1 test from StorageHelperFactoryTest (1 ms total)

[----------] Global test environment tear-down
[==========] 1 test from 1 test case ran. (1 ms total)
[  PASSED  ] 1 test.
<end of output>
Test time =   0.02 sec
----------------------------------------------------------
Test Passed.
"storageHelperFactory_test" end time: Oct 05 17:18 CEST
"storageHelperFactory_test" time elapsed: 00:00:00
----------------------------------------------------------

8/8 Testing: logging_test
8/8 Test: logging_test
Command: "/home/lichon/IdeaProjects/veilcluster/veilhelpers/release/logging_test"
Directory: /home/lichon/IdeaProjects/veilcluster/veilhelpers/release
"logging_test" start time: Oct 05 17:18 CEST
Output:
----------------------------------------------------------
[==========] Running 8 tests from 3 test cases.
[----------] Global test environment set-up.
[----------] 4 tests from RemoteLogSinkFixture
[ RUN      ] RemoteLogSinkFixture.ShouldBeUsableByGlog
[       OK ] RemoteLogSinkFixture.ShouldBeUsableByGlog (1 ms)
[ RUN      ] RemoteLogSinkFixture.ShouldPassLogMessagesToLogWriter
[       OK ] RemoteLogSinkFixture.ShouldPassLogMessagesToLogWriter (0 ms)
[ RUN      ] RemoteLogSinkFixture.ShouldDirectlyTranslateSeverityByDefault
[       OK ] RemoteLogSinkFixture.ShouldDirectlyTranslateSeverityByDefault (0 ms)
[ RUN      ] RemoteLogSinkFixture.ShouldOverrideSeverityIfSetInConstructor
[       OK ] RemoteLogSinkFixture.ShouldOverrideSeverityIfSetInConstructor (0 ms)
[----------] 4 tests from RemoteLogSinkFixture (1 ms total)

[----------] 1 test from RemoteLogWriter
[ RUN      ] RemoteLogWriter.ShouldNotHangOnDestroy
[       OK ] RemoteLogWriter.ShouldNotHangOnDestroy (0 ms)
[----------] 1 test from RemoteLogWriter (0 ms total)

[----------] 3 tests from RemoteLogWriterFixture
[ RUN      ] RemoteLogWriterFixture.ShouldSendReceivedMessagesThroughConnection
[       OK ] RemoteLogWriterFixture.ShouldSendReceivedMessagesThroughConnection (0 ms)
[ RUN      ] RemoteLogWriterFixture.ShouldSendCurrentPIDInTheMessage
[       OK ] RemoteLogWriterFixture.ShouldSendCurrentPIDInTheMessage (1 ms)
[ RUN      ] RemoteLogWriterFixture.ShouldDropMessagesAfterExceedingMaxBufferSize
[       OK ] RemoteLogWriterFixture.ShouldDropMessagesAfterExceedingMaxBufferSize (0 ms)
[----------] 3 tests from RemoteLogWriterFixture (1 ms total)

[----------] Global test environment tear-down
[==========] 8 tests from 3 test cases ran. (2 ms total)
[  PASSED  ] 8 tests.
<end of output>
Test time =   0.02 sec
----------------------------------------------------------
Test Passed.
"logging_test" end time: Oct 05 17:18 CEST
"logging_test" time elapsed: 00:00:00
----------------------------------------------------------

End testing: Oct 05 17:18 CEST
